[debug] [2026-05-24T15:45:00.040Z] [Firebase Plugin] Activating Firebase extension.
[debug] [2026-05-24T15:45:31.623Z] [Firebase Plugin] requireAuthWrapper
[debug] [2026-05-24T15:45:31.634Z] > command requires scopes: ["email","openid","https://www.googleapis.com/auth/cloudplatformprojects.readonly","https://www.googleapis.com/auth/firebase","https://www.googleapis.com/auth/cloud-platform"]
[debug] [2026-05-24T15:45:31.636Z] > authorizing via signed-in user (rachedi.morgann13@gmail.com)
[debug] [2026-05-24T15:45:31.657Z] Checked if tokens are valid: false, expires at: 1779632991048
[debug] [2026-05-24T15:45:31.659Z] Checked if tokens are valid: false, expires at: 1779632991048
[debug] [2026-05-24T15:45:31.662Z] > refreshing access token with scopes: []
[debug] [2026-05-24T15:45:31.706Z] >>> [apiv2][query] POST https://www.googleapis.com/oauth2/v3/token [none]
[debug] [2026-05-24T15:45:31.710Z] >>> [apiv2][body] POST https://www.googleapis.com/oauth2/v3/token [omitted]
[debug] [2026-05-24T15:45:31.791Z] [Firebase Plugin] VSCode notification server listening on port 40001
[info] [Firebase Plugin] Starting SQL Connect toolkit (version 3.4.8) on port 50001
[debug] [2026-05-24T15:45:33.073Z] 'fdc build' failed with error: Unable to build your SQL Connect schema and connectors (exit code 1): E0524 17:45:33.067934   15716 cmd.go:43] Error loading data connect config: could not find dataconnect.yaml in `/Users/morgannrachedi/Documents/Morgann Music CP SITE/dataconnect`
 {"metadata":{"emulator":{"name":"dataconnect"},"message":"'fdc build' failed with error: Unable to build your SQL Connect schema and connectors (exit code 1): E0524 17:45:33.067934   15716 cmd.go:43] Error loading data connect config: could not find dataconnect.yaml in `/Users/morgannrachedi/Documents/Morgann Music CP SITE/dataconnect`\n"}}
[debug] [2026-05-24T15:45:33.076Z] Ignoring unsupported arg: auto_download {"metadata":{"emulator":{"name":"dataconnect"},"message":"Ignoring unsupported arg: auto_download"}}
[debug] [2026-05-24T15:45:33.077Z] Ignoring unsupported arg: port {"metadata":{"emulator":{"name":"dataconnect"},"message":"Ignoring unsupported arg: port"}}
[debug] [2026-05-24T15:45:33.077Z] Starting SQL Connect Emulator with command {"binary":"/Users/morgannrachedi/.cache/firebase/emulators/dataconnect-emulator-3.4.8","args":["--logtostderr","-v=2","dev","--listen=localhost:50001","--config_dir=/Users/morgannrachedi/Documents/Morgann Music CP SITE/dataconnect","--enable_output_schema_extensions=true","--enable_output_generated_sdk=true"],"optionalArgs":["listen","config_dir","enable_output_schema_extensions","enable_output_generated_sdk"],"joinArgs":true,"shell":false,"port":9399} {"metadata":{"emulator":{"name":"dataconnect"},"message":"Starting SQL Connect Emulator with command {\"binary\":\"/Users/morgannrachedi/.cache/firebase/emulators/dataconnect-emulator-3.4.8\",\"args\":[\"--logtostderr\",\"-v=2\",\"dev\",\"--listen=localhost:50001\",\"--config_dir=/Users/morgannrachedi/Documents/Morgann Music CP SITE/dataconnect\",\"--enable_output_schema_extensions=true\",\"--enable_output_generated_sdk=true\"],\"optionalArgs\":[\"listen\",\"config_dir\",\"enable_output_schema_extensions\",\"enable_output_generated_sdk\"],\"joinArgs\":true,\"shell\":false,\"port\":9399}"}}
[info] i  dataconnect: SQL Connect Emulator logging to dataconnect-debug.log {"metadata":{"emulator":{"name":"dataconnect"},"message":"SQL Connect Emulator logging to dataconnect-debug.log"}}
[debug] [2026-05-24T15:45:33.178Z] <<< [apiv2][status] POST https://www.googleapis.com/oauth2/v3/token 200
[debug] [2026-05-24T15:45:33.178Z] <<< [apiv2][body] POST https://www.googleapis.com/oauth2/v3/token [omitted]
[debug] [2026-05-24T15:45:33.216Z] [Firebase Plugin] User found:  rachedi.morgann13@gmail.com
[info] [Firebase Plugin] (Core:Project) New user detected, fetching projects
[debug] [2026-05-24T15:45:33.222Z] Checked if tokens are valid: true, expires at: 1779641132179
[debug] [2026-05-24T15:45:33.224Z] >>> [apiv2][query] GET https://firebase.googleapis.com/v1beta1/projects pageSize=1000
[debug] [2026-05-24T15:45:33.419Z] E0524 17:45:33.413740   15717 dev.go:83] Failed to load initial config from "/Users/morgannrachedi/Documents/Morgann Music CP SITE/dataconnect": could not find dataconnect.yaml in `/Users/morgannrachedi/Documents/Morgann Music CP SITE/dataconnect`
E0524 17:45:33.417106   15717 watch.go:116] watchAllDir unable to walk dir `/Users/morgannrachedi/Documents/Morgann Music CP SITE/dataconnect`: lstat /Users/morgannrachedi/Documents/Morgann Music CP SITE/dataconnect: no such file or directory
 {"metadata":{"emulator":{"name":"dataconnect"},"message":"E0524 17:45:33.413740   15717 dev.go:83] Failed to load initial config from \"/Users/morgannrachedi/Documents/Morgann Music CP SITE/dataconnect\": could not find dataconnect.yaml in `/Users/morgannrachedi/Documents/Morgann Music CP SITE/dataconnect`\nE0524 17:45:33.417106   15717 watch.go:116] watchAllDir unable to walk dir `/Users/morgannrachedi/Documents/Morgann Music CP SITE/dataconnect`: lstat /Users/morgannrachedi/Documents/Morgann Music CP SITE/dataconnect: no such file or directory\n"}}
[debug] [2026-05-24T15:45:33.432Z] I0524 17:45:33.427478   15717 dev.go:104] Listening on address (HTTP + gRPC): 127.0.0.1:50001
 {"metadata":{"emulator":{"name":"dataconnect"},"message":"I0524 17:45:33.427478   15717 dev.go:104] Listening on address (HTTP + gRPC): 127.0.0.1:50001\n"}}
[error] [Firebase Plugin] error:  {}
[debug] [2026-05-24T15:45:34.103Z] <<< [apiv2][status] GET https://firebase.googleapis.com/v1beta1/projects 200
[debug] [2026-05-24T15:45:34.105Z] <<< [apiv2][body] GET https://firebase.googleapis.com/v1beta1/projects [omitted]
[debug] [2026-05-24T15:45:44.683Z] E0524 17:45:43.427572   15717 watch.go:40] Failed to load config from "/Users/morgannrachedi/Documents/Morgann Music CP SITE/dataconnect": could not find dataconnect.yaml in `/Users/morgannrachedi/Documents/Morgann Music CP SITE/dataconnect`
 {"metadata":{"emulator":{"name":"dataconnect"},"message":"E0524 17:45:43.427572   15717 watch.go:40] Failed to load config from \"/Users/morgannrachedi/Documents/Morgann Music CP SITE/dataconnect\": could not find dataconnect.yaml in `/Users/morgannrachedi/Documents/Morgann Music CP SITE/dataconnect`\n"}}
[debug] [2026-05-24T15:45:53.427Z] E0524 17:45:53.419866   15717 watch.go:40] Failed to load config from "/Users/morgannrachedi/Documents/Morgann Music CP SITE/dataconnect": could not find dataconnect.yaml in `/Users/morgannrachedi/Documents/Morgann Music CP SITE/dataconnect`
 {"metadata":{"emulator":{"name":"dataconnect"},"message":"E0524 17:45:53.419866   15717 watch.go:40] Failed to load config from \"/Users/morgannrachedi/Documents/Morgann Music CP SITE/dataconnect\": could not find dataconnect.yaml in `/Users/morgannrachedi/Documents/Morgann Music CP SITE/dataconnect`\n"}}
[debug] [2026-05-24T15:46:03.419Z] E0524 17:46:03.419562   15717 watch.go:40] Failed to load config from "/Users/morgannrachedi/Documents/Morgann Music CP SITE/dataconnect": could not find dataconnect.yaml in `/Users/morgannrachedi/Documents/Morgann Music CP SITE/dataconnect`
 {"metadata":{"emulator":{"name":"dataconnect"},"message":"E0524 17:46:03.419562   15717 watch.go:40] Failed to load config from \"/Users/morgannrachedi/Documents/Morgann Music CP SITE/dataconnect\": could not find dataconnect.yaml in `/Users/morgannrachedi/Documents/Morgann Music CP SITE/dataconnect`\n"}}
[debug] [2026-05-24T15:46:13.418Z] E0524 17:46:13.418258   15717 watch.go:40] Failed to load config from "/Users/morgannrachedi/Documents/Morgann Music CP SITE/dataconnect": could not find dataconnect.yaml in `/Users/morgannrachedi/Documents/Morgann Music CP SITE/dataconnect`
 {"metadata":{"emulator":{"name":"dataconnect"},"message":"E0524 17:46:13.418258   15717 watch.go:40] Failed to load config from \"/Users/morgannrachedi/Documents/Morgann Music CP SITE/dataconnect\": could not find dataconnect.yaml in `/Users/morgannrachedi/Documents/Morgann Music CP SITE/dataconnect`\n"}}
[debug] [2026-05-24T15:46:23.418Z] E0524 17:46:23.418206   15717 watch.go:40] Failed to load config from "/Users/morgannrachedi/Documents/Morgann Music CP SITE/dataconnect": could not find dataconnect.yaml in `/Users/morgannrachedi/Documents/Morgann Music CP SITE/dataconnect`
 {"metadata":{"emulator":{"name":"dataconnect"},"message":"E0524 17:46:23.418206   15717 watch.go:40] Failed to load config from \"/Users/morgannrachedi/Documents/Morgann Music CP SITE/dataconnect\": could not find dataconnect.yaml in `/Users/morgannrachedi/Documents/Morgann Music CP SITE/dataconnect`\n"}}
[debug] [2026-05-24T15:46:33.420Z] E0524 17:46:33.419374   15717 watch.go:116] watchAllDir unable to walk dir `/Users/morgannrachedi/Documents/Morgann Music CP SITE/dataconnect`: lstat /Users/morgannrachedi/Documents/Morgann Music CP SITE/dataconnect: no such file or directory
E0524 17:46:33.419497   15717 watch.go:40] Failed to load config from "/Users/morgannrachedi/Documents/Morgann Music CP SITE/dataconnect": could not find dataconnect.yaml in `/Users/morgannrachedi/Documents/Morgann Music CP SITE/dataconnect`
 {"metadata":{"emulator":{"name":"dataconnect"},"message":"E0524 17:46:33.419374   15717 watch.go:116] watchAllDir unable to walk dir `/Users/morgannrachedi/Documents/Morgann Music CP SITE/dataconnect`: lstat /Users/morgannrachedi/Documents/Morgann Music CP SITE/dataconnect: no such file or directory\nE0524 17:46:33.419497   15717 watch.go:40] Failed to load config from \"/Users/morgannrachedi/Documents/Morgann Music CP SITE/dataconnect\": could not find dataconnect.yaml in `/Users/morgannrachedi/Documents/Morgann Music CP SITE/dataconnect`\n"}}
[debug] [2026-05-24T15:46:43.418Z] E0524 17:46:43.418518   15717 watch.go:40] Failed to load config from "/Users/morgannrachedi/Documents/Morgann Music CP SITE/dataconnect": could not find dataconnect.yaml in `/Users/morgannrachedi/Documents/Morgann Music CP SITE/dataconnect`
 {"metadata":{"emulator":{"name":"dataconnect"},"message":"E0524 17:46:43.418518   15717 watch.go:40] Failed to load config from \"/Users/morgannrachedi/Documents/Morgann Music CP SITE/dataconnect\": could not find dataconnect.yaml in `/Users/morgannrachedi/Documents/Morgann Music CP SITE/dataconnect`\n"}}
[debug] [2026-05-24T15:46:53.418Z] E0524 17:46:53.418614   15717 watch.go:40] Failed to load config from "/Users/morgannrachedi/Documents/Morgann Music CP SITE/dataconnect": could not find dataconnect.yaml in `/Users/morgannrachedi/Documents/Morgann Music CP SITE/dataconnect`
 {"metadata":{"emulator":{"name":"dataconnect"},"message":"E0524 17:46:53.418614   15717 watch.go:40] Failed to load config from \"/Users/morgannrachedi/Documents/Morgann Music CP SITE/dataconnect\": could not find dataconnect.yaml in `/Users/morgannrachedi/Documents/Morgann Music CP SITE/dataconnect`\n"}}
[debug] [2026-05-24T15:47:03.419Z] E0524 17:47:03.418675   15717 watch.go:40] Failed to load config from "/Users/morgannrachedi/Documents/Morgann Music CP SITE/dataconnect": could not find dataconnect.yaml in `/Users/morgannrachedi/Documents/Morgann Music CP SITE/dataconnect`
 {"metadata":{"emulator":{"name":"dataconnect"},"message":"E0524 17:47:03.418675   15717 watch.go:40] Failed to load config from \"/Users/morgannrachedi/Documents/Morgann Music CP SITE/dataconnect\": could not find dataconnect.yaml in `/Users/morgannrachedi/Documents/Morgann Music CP SITE/dataconnect`\n"}}
[debug] [2026-05-24T15:47:13.419Z] E0524 17:47:13.419097   15717 watch.go:40] Failed to load config from "/Users/morgannrachedi/Documents/Morgann Music CP SITE/dataconnect": could not find dataconnect.yaml in `/Users/morgannrachedi/Documents/Morgann Music CP SITE/dataconnect`
 {"metadata":{"emulator":{"name":"dataconnect"},"message":"E0524 17:47:13.419097   15717 watch.go:40] Failed to load config from \"/Users/morgannrachedi/Documents/Morgann Music CP SITE/dataconnect\": could not find dataconnect.yaml in `/Users/morgannrachedi/Documents/Morgann Music CP SITE/dataconnect`\n"}}
[debug] [2026-05-24T15:47:23.419Z] E0524 17:47:23.419189   15717 watch.go:40] Failed to load config from "/Users/morgannrachedi/Documents/Morgann Music CP SITE/dataconnect": could not find dataconnect.yaml in `/Users/morgannrachedi/Documents/Morgann Music CP SITE/dataconnect`
 {"metadata":{"emulator":{"name":"dataconnect"},"message":"E0524 17:47:23.419189   15717 watch.go:40] Failed to load config from \"/Users/morgannrachedi/Documents/Morgann Music CP SITE/dataconnect\": could not find dataconnect.yaml in `/Users/morgannrachedi/Documents/Morgann Music CP SITE/dataconnect`\n"}}
[debug] [2026-05-24T15:47:33.433Z] E0524 17:47:33.417697   15717 watch.go:116] watchAllDir unable to walk dir `/Users/morgannrachedi/Documents/Morgann Music CP SITE/dataconnect`: lstat /Users/morgannrachedi/Documents/Morgann Music CP SITE/dataconnect: no such file or directory
E0524 17:47:33.417838   15717 watch.go:40] Failed to load config from "/Users/morgannrachedi/Documents/Morgann Music CP SITE/dataconnect": could not find dataconnect.yaml in `/Users/morgannrachedi/Documents/Morgann Music CP SITE/dataconnect`
 {"metadata":{"emulator":{"name":"dataconnect"},"message":"E0524 17:47:33.417697   15717 watch.go:116] watchAllDir unable to walk dir `/Users/morgannrachedi/Documents/Morgann Music CP SITE/dataconnect`: lstat /Users/morgannrachedi/Documents/Morgann Music CP SITE/dataconnect: no such file or directory\nE0524 17:47:33.417838   15717 watch.go:40] Failed to load config from \"/Users/morgannrachedi/Documents/Morgann Music CP SITE/dataconnect\": could not find dataconnect.yaml in `/Users/morgannrachedi/Documents/Morgann Music CP SITE/dataconnect`\n"}}
[debug] [2026-05-24T15:47:43.431Z] E0524 17:47:43.430210   15717 watch.go:40] Failed to load config from "/Users/morgannrachedi/Documents/Morgann Music CP SITE/dataconnect": could not find dataconnect.yaml in `/Users/morgannrachedi/Documents/Morgann Music CP SITE/dataconnect`
 {"metadata":{"emulator":{"name":"dataconnect"},"message":"E0524 17:47:43.430210   15717 watch.go:40] Failed to load config from \"/Users/morgannrachedi/Documents/Morgann Music CP SITE/dataconnect\": could not find dataconnect.yaml in `/Users/morgannrachedi/Documents/Morgann Music CP SITE/dataconnect`\n"}}
[debug] [2026-05-24T15:47:53.418Z] E0524 17:47:53.417767   15717 watch.go:40] Failed to load config from "/Users/morgannrachedi/Documents/Morgann Music CP SITE/dataconnect": could not find dataconnect.yaml in `/Users/morgannrachedi/Documents/Morgann Music CP SITE/dataconnect`
 {"metadata":{"emulator":{"name":"dataconnect"},"message":"E0524 17:47:53.417767   15717 watch.go:40] Failed to load config from \"/Users/morgannrachedi/Documents/Morgann Music CP SITE/dataconnect\": could not find dataconnect.yaml in `/Users/morgannrachedi/Documents/Morgann Music CP SITE/dataconnect`\n"}}
[debug] [2026-05-24T15:48:03.418Z] E0524 17:48:03.417890   15717 watch.go:40] Failed to load config from "/Users/morgannrachedi/Documents/Morgann Music CP SITE/dataconnect": could not find dataconnect.yaml in `/Users/morgannrachedi/Documents/Morgann Music CP SITE/dataconnect`
 {"metadata":{"emulator":{"name":"dataconnect"},"message":"E0524 17:48:03.417890   15717 watch.go:40] Failed to load config from \"/Users/morgannrachedi/Documents/Morgann Music CP SITE/dataconnect\": could not find dataconnect.yaml in `/Users/morgannrachedi/Documents/Morgann Music CP SITE/dataconnect`\n"}}
[debug] [2026-05-24T15:48:13.417Z] E0524 17:48:13.417669   15717 watch.go:40] Failed to load config from "/Users/morgannrachedi/Documents/Morgann Music CP SITE/dataconnect": could not find dataconnect.yaml in `/Users/morgannrachedi/Documents/Morgann Music CP SITE/dataconnect`
 {"metadata":{"emulator":{"name":"dataconnect"},"message":"E0524 17:48:13.417669   15717 watch.go:40] Failed to load config from \"/Users/morgannrachedi/Documents/Morgann Music CP SITE/dataconnect\": could not find dataconnect.yaml in `/Users/morgannrachedi/Documents/Morgann Music CP SITE/dataconnect`\n"}}
